Build started 05/04/2018 14:32:26.
     1>Project "D:\MU\CS426 - Graphics\VS\Visual Studio 2010\Projects\OpenGL_Models_SS\OpenGL_Models_SS\OpenGL_Models_SS.vcxproj" on node 2 (build target(s)).
     1>InitializeBuildStatus:
         Creating "Debug\OpenGL_Models_SS.unsuccessfulbuild" because "AlwaysCreate" was specified.
       GenerateTargetFrameworkMonikerAttribute:
       Skipping target "GenerateTargetFrameworkMonikerAttribute" because all output files are up-to-date with respect to the input files.
       ClCompile:
         All outputs are up-to-date.
         All outputs are up-to-date.
         All outputs are up-to-date.
       CoreResGen:
         No resources are out of date with respect to their source files. Skipping resource generation.
       ResourceCompile:
         All outputs are up-to-date.
       Link:
         All outputs are up-to-date.
         OpenGL_Models_SS.vcxproj -> D:\MU\CS426 - Graphics\VS\Visual Studio 2010\Projects\OpenGL_Models_SS\Debug\OpenGL_Models_SS.exe
       FinalizeBuildStatus:
         Deleting file "Debug\OpenGL_Models_SS.unsuccessfulbuild".
         Touching "Debug\OpenGL_Models_SS.lastbuildstate".
     1>Done Building Project "D:\MU\CS426 - Graphics\VS\Visual Studio 2010\Projects\OpenGL_Models_SS\OpenGL_Models_SS\OpenGL_Models_SS.vcxproj" (build target(s)).

Build succeeded.

Time Elapsed 00:00:05.48
