Build started 05/04/2018 12:07:52.
     1>Project "D:\MU\CS426 - Graphics\VS\Visual Studio 2010\Projects\OpenGL_3D\OpenGL_3D\OpenGL_3D.vcxproj" on node 2 (build target(s)).
     1>InitializeBuildStatus:
         Creating "Debug\OpenGL_3D.unsuccessfulbuild" because "AlwaysCreate" was specified.
       GenerateTargetFrameworkMonikerAttribute:
       Skipping target "GenerateTargetFrameworkMonikerAttribute" because all output files are up-to-date with respect to the input files.
       ClCompile:
         All outputs are up-to-date.
         All outputs are up-to-date.
         All outputs are up-to-date.
       CoreResGen:
         No resources are out of date with respect to their source files. Skipping resource generation.
       ResourceCompile:
         All outputs are up-to-date.
       Link:
         All outputs are up-to-date.
         OpenGL_3D.vcxproj -> D:\MU\CS426 - Graphics\VS\Visual Studio 2010\Projects\OpenGL_3D\Debug\OpenGL_3D.exe
       FinalizeBuildStatus:
         Deleting file "Debug\OpenGL_3D.unsuccessfulbuild".
         Touching "Debug\OpenGL_3D.lastbuildstate".
     1>Done Building Project "D:\MU\CS426 - Graphics\VS\Visual Studio 2010\Projects\OpenGL_3D\OpenGL_3D\OpenGL_3D.vcxproj" (build target(s)).

Build succeeded.

Time Elapsed 00:00:00.62
