Build started 4/17/2018 1:48:06 PM.
     1>Project "X:\pendulum\pendulum\pendulum.vcxproj" on node 2 (build target(s)).
     1>InitializeBuildStatus:
         Creating "Debug\pendulum.unsuccessfulbuild" because "AlwaysCreate" was specified.
       ClCompile:
         All outputs are up-to-date.
         c:\Program Files (x86)\Microsoft Visual Studio 10.0\VC\bin\CL.exe /c /IX:\pendulum\freeglut_bin /ZI /nologo /W3 /WX- /Od /Oy- /D WIN32 /D _DEBUG /D _CONSOLE /D _UNICODE /D UNICODE /Gm /EHsc /RTC1 /MDd /GS /fp:precise /Zc:wchar_t /Zc:forScope /Yu"StdAfx.h" /Fp"Debug\pendulum.pch" /Fo"Debug\\" /Fd"Debug\vc100.pdb" /Gd /TP /analyze- /errorReport:prompt pendulum.cpp
         pendulum.cpp
     1>x:\pendulum\pendulum\pendulum.cpp(45): warning C4305: 'initializing' : truncation from 'double' to 'float'
     1>x:\pendulum\pendulum\pendulum.cpp(46): warning C4305: 'initializing' : truncation from 'double' to 'float'
     1>x:\pendulum\pendulum\pendulum.cpp(47): warning C4305: 'initializing' : truncation from 'double' to 'float'
     1>x:\pendulum\pendulum\pendulum.cpp(57): warning C4305: 'initializing' : truncation from 'double' to 'float'
     1>x:\pendulum\pendulum\pendulum.cpp(58): warning C4305: 'initializing' : truncation from 'double' to 'float'
     1>x:\pendulum\pendulum\pendulum.cpp(111): warning C4244: 'argument' : conversion from 'float' to 'int', possible loss of data
     1>x:\pendulum\pendulum\pendulum.cpp(111): warning C4244: 'argument' : conversion from 'float' to 'int', possible loss of data
     1>x:\pendulum\pendulum\pendulum.cpp(112): warning C4996: 'sprintf': This function or variable may be unsafe. Consider using sprintf_s instead. To disable deprecation, use _CRT_SECURE_NO_WARNINGS. See online help for details.
                 c:\program files (x86)\microsoft visual studio 10.0\vc\include\stdio.h(371) : see declaration of 'sprintf'
     1>x:\pendulum\pendulum\pendulum.cpp(113): warning C4244: 'argument' : conversion from 'float' to 'int', possible loss of data
     1>x:\pendulum\pendulum\pendulum.cpp(113): warning C4244: 'argument' : conversion from 'float' to 'int', possible loss of data
     1>x:\pendulum\pendulum\pendulum.cpp(114): warning C4996: 'sprintf': This function or variable may be unsafe. Consider using sprintf_s instead. To disable deprecation, use _CRT_SECURE_NO_WARNINGS. See online help for details.
                 c:\program files (x86)\microsoft visual studio 10.0\vc\include\stdio.h(371) : see declaration of 'sprintf'
     1>x:\pendulum\pendulum\pendulum.cpp(115): warning C4244: 'argument' : conversion from 'float' to 'int', possible loss of data
     1>x:\pendulum\pendulum\pendulum.cpp(115): warning C4244: 'argument' : conversion from 'float' to 'int', possible loss of data
     1>x:\pendulum\pendulum\pendulum.cpp(117): warning C4244: 'argument' : conversion from 'float' to 'int', possible loss of data
     1>x:\pendulum\pendulum\pendulum.cpp(117): warning C4244: 'argument' : conversion from 'float' to 'int', possible loss of data
     1>x:\pendulum\pendulum\pendulum.cpp(118): warning C4996: 'sprintf': This function or variable may be unsafe. Consider using sprintf_s instead. To disable deprecation, use _CRT_SECURE_NO_WARNINGS. See online help for details.
                 c:\program files (x86)\microsoft visual studio 10.0\vc\include\stdio.h(371) : see declaration of 'sprintf'
     1>x:\pendulum\pendulum\pendulum.cpp(119): warning C4244: 'argument' : conversion from 'float' to 'int', possible loss of data
     1>x:\pendulum\pendulum\pendulum.cpp(119): warning C4244: 'argument' : conversion from 'float' to 'int', possible loss of data
     1>x:\pendulum\pendulum\pendulum.cpp(120): warning C4996: 'sprintf': This function or variable may be unsafe. Consider using sprintf_s instead. To disable deprecation, use _CRT_SECURE_NO_WARNINGS. See online help for details.
                 c:\program files (x86)\microsoft visual studio 10.0\vc\include\stdio.h(371) : see declaration of 'sprintf'
     1>x:\pendulum\pendulum\pendulum.cpp(121): warning C4244: 'argument' : conversion from 'float' to 'int', possible loss of data
     1>x:\pendulum\pendulum\pendulum.cpp(121): warning C4244: 'argument' : conversion from 'float' to 'int', possible loss of data
     1>x:\pendulum\pendulum\pendulum.cpp(123): warning C4244: 'argument' : conversion from 'float' to 'int', possible loss of data
     1>x:\pendulum\pendulum\pendulum.cpp(123): warning C4244: 'argument' : conversion from 'float' to 'int', possible loss of data
     1>x:\pendulum\pendulum\pendulum.cpp(124): warning C4244: 'argument' : conversion from 'float' to 'int', possible loss of data
     1>x:\pendulum\pendulum\pendulum.cpp(184): warning C4305: '+=' : truncation from 'double' to 'float'
     1>x:\pendulum\pendulum\pendulum.cpp(202): warning C4305: '+=' : truncation from 'double' to 'float'
     1>x:\pendulum\pendulum\pendulum.cpp(210): warning C4305: '+=' : truncation from 'double' to 'float'
     1>x:\pendulum\pendulum\pendulum.cpp(221): warning C4244: 'initializing' : conversion from 'double' to 'float', possible loss of data
     1>x:\pendulum\pendulum\pendulum.cpp(224): warning C4244: 'initializing' : conversion from 'double' to 'float', possible loss of data
     1>x:\pendulum\pendulum\pendulum.cpp(225): warning C4244: 'initializing' : conversion from 'double' to 'float', possible loss of data
     1>x:\pendulum\pendulum\pendulum.cpp(233): warning C4305: '+=' : truncation from 'double' to 'float'
     1>x:\pendulum\pendulum\pendulum.cpp(250): warning C4244: '-=' : conversion from 'double' to 'float', possible loss of data
     1>x:\pendulum\pendulum\pendulum.cpp(277): warning C4244: 'argument' : conversion from 'float' to 'unsigned int', possible loss of data
     1>x:\pendulum\pendulum\pendulum.cpp(299): warning C4244: 'argument' : conversion from 'float' to 'unsigned int', possible loss of data
     1>x:\pendulum\pendulum\pendulum.cpp(315): warning C4244: 'argument' : conversion from 'int' to 'GLfloat', possible loss of data
     1>x:\pendulum\pendulum\pendulum.cpp(315): warning C4244: 'argument' : conversion from 'int' to 'GLfloat', possible loss of data
     1>x:\pendulum\pendulum\pendulum.cpp(340): warning C4244: 'argument' : conversion from 'float' to 'unsigned int', possible loss of data
       ManifestResourceCompile:
         All outputs are up-to-date.
       Link:
         c:\Program Files (x86)\Microsoft Visual Studio 10.0\VC\bin\link.exe /ERRORREPORT:PROMPT /OUT:"X:\pendulum\Debug\pendulum.exe" /INCREMENTAL /NOLOGO /LIBPATH:X:\pendulum\freeglut_bin kernel32.lib user32.lib gdi32.lib winspool.lib comdlg32.lib advapi32.lib shell32.lib ole32.lib oleaut32.lib uuid.lib odbc32.lib odbccp32.lib /MANIFEST /ManifestFile:"Debug\pendulum.exe.intermediate.manifest" /MANIFESTUAC:"level='asInvoker' uiAccess='false'" /DEBUG /PDB:"X:\pendulum\Debug\pendulum.pdb" /SUBSYSTEM:CONSOLE /TLBID:1 /DYNAMICBASE /NXCOMPAT /IMPLIB:"X:\pendulum\Debug\pendulum.lib" /MACHINE:X86 Debug\pendulum.exe.embed.manifest.res
         Debug\pendulum.obj
         Debug\stdafx.obj
       Manifest:
         C:\Program Files (x86)\Microsoft SDKs\Windows\v7.0A\bin\mt.exe /nologo /verbose /out:"Debug\pendulum.exe.embed.manifest" /manifest Debug\pendulum.exe.intermediate.manifest
         All outputs are up-to-date.
       LinkEmbedManifest:
         c:\Program Files (x86)\Microsoft Visual Studio 10.0\VC\bin\link.exe /ERRORREPORT:PROMPT /OUT:"X:\pendulum\Debug\pendulum.exe" /INCREMENTAL /NOLOGO /LIBPATH:X:\pendulum\freeglut_bin kernel32.lib user32.lib gdi32.lib winspool.lib comdlg32.lib advapi32.lib shell32.lib ole32.lib oleaut32.lib uuid.lib odbc32.lib odbccp32.lib /MANIFEST /ManifestFile:"Debug\pendulum.exe.intermediate.manifest" /MANIFESTUAC:"level='asInvoker' uiAccess='false'" /DEBUG /PDB:"X:\pendulum\Debug\pendulum.pdb" /SUBSYSTEM:CONSOLE /TLBID:1 /DYNAMICBASE /NXCOMPAT /IMPLIB:"X:\pendulum\Debug\pendulum.lib" /MACHINE:X86 Debug\pendulum.exe.embed.manifest.res
         Debug\pendulum.obj
         Debug\stdafx.obj
         pendulum.vcxproj -> X:\pendulum\Debug\pendulum.exe
       FinalizeBuildStatus:
         Deleting file "Debug\pendulum.unsuccessfulbuild".
         Touching "Debug\pendulum.lastbuildstate".
     1>Done Building Project "X:\pendulum\pendulum\pendulum.vcxproj" (build target(s)).

Build succeeded.

Time Elapsed 00:00:01.83
