C:\USERS\KEVIN\DOCUMENTS\VISUAL STUDIO 2010\PROJECTS\A4\A4\DEBUG\.NETFRAMEWORK,VERSION=V4.0.ASSEMBLYATTRIBUTES.OBJ
C:\USERS\KEVIN\DOCUMENTS\VISUAL STUDIO 2010\PROJECTS\A4\A4\DEBUG\A4.EXE.INTERMEDIATE.MANIFEST
C:\Users\Kevin\documents\visual studio 2010\Projects\a4\a4\Debug\a4.Form1.resources
C:\USERS\KEVIN\DOCUMENTS\VISUAL STUDIO 2010\PROJECTS\A4\A4\DEBUG\A4.OBJ
C:\USERS\KEVIN\DOCUMENTS\VISUAL STUDIO 2010\PROJECTS\A4\A4\DEBUG\A4.PCH
C:\Users\Kevin\documents\visual studio 2010\Projects\a4\a4\Debug\a4.vcxproj.GenerateResource.Cache
C:\Users\Kevin\documents\visual studio 2010\Projects\a4\a4\Debug\a4.write.1.tlog
C:\USERS\KEVIN\DOCUMENTS\VISUAL STUDIO 2010\PROJECTS\A4\A4\DEBUG\APP.RES
C:\USERS\KEVIN\DOCUMENTS\VISUAL STUDIO 2010\PROJECTS\A4\A4\DEBUG\ASSEMBLYINFO.OBJ
C:\Users\Kevin\documents\visual studio 2010\Projects\a4\a4\Debug\cl.command.1.tlog
C:\Users\Kevin\documents\visual studio 2010\Projects\a4\a4\Debug\CL.read.1.tlog
C:\Users\Kevin\documents\visual studio 2010\Projects\a4\a4\Debug\CL.write.1.tlog
C:\Users\Kevin\documents\visual studio 2010\Projects\a4\a4\Debug\link.10112.read.1.tlog
C:\Users\Kevin\documents\visual studio 2010\Projects\a4\a4\Debug\link.10112.write.1.tlog
C:\Users\Kevin\documents\visual studio 2010\Projects\a4\a4\Debug\link.10112-cvtres.read.1.tlog
C:\Users\Kevin\documents\visual studio 2010\Projects\a4\a4\Debug\link.10112-cvtres.write.1.tlog
C:\Users\Kevin\documents\visual studio 2010\Projects\a4\a4\Debug\link.11268.read.1.tlog
C:\Users\Kevin\documents\visual studio 2010\Projects\a4\a4\Debug\link.11268.write.1.tlog
C:\Users\Kevin\documents\visual studio 2010\Projects\a4\a4\Debug\link.11268-cvtres.read.1.tlog
C:\Users\Kevin\documents\visual studio 2010\Projects\a4\a4\Debug\link.11268-cvtres.write.1.tlog
C:\Users\Kevin\documents\visual studio 2010\Projects\a4\a4\Debug\link.11300.read.1.tlog
C:\Users\Kevin\documents\visual studio 2010\Projects\a4\a4\Debug\link.11300.write.1.tlog
C:\Users\Kevin\documents\visual studio 2010\Projects\a4\a4\Debug\link.11300-cvtres.read.1.tlog
C:\Users\Kevin\documents\visual studio 2010\Projects\a4\a4\Debug\link.11300-cvtres.write.1.tlog
C:\Users\Kevin\documents\visual studio 2010\Projects\a4\a4\Debug\link.3256.read.1.tlog
C:\Users\Kevin\documents\visual studio 2010\Projects\a4\a4\Debug\link.3256.write.1.tlog
C:\Users\Kevin\documents\visual studio 2010\Projects\a4\a4\Debug\link.3256-cvtres.read.1.tlog
C:\Users\Kevin\documents\visual studio 2010\Projects\a4\a4\Debug\link.3256-cvtres.write.1.tlog
C:\Users\Kevin\documents\visual studio 2010\Projects\a4\a4\Debug\link.5312.read.1.tlog
C:\Users\Kevin\documents\visual studio 2010\Projects\a4\a4\Debug\link.5312.write.1.tlog
C:\Users\Kevin\documents\visual studio 2010\Projects\a4\a4\Debug\link.5312-cvtres.read.1.tlog
C:\Users\Kevin\documents\visual studio 2010\Projects\a4\a4\Debug\link.5312-cvtres.write.1.tlog
C:\Users\Kevin\documents\visual studio 2010\Projects\a4\a4\Debug\link.8124.read.1.tlog
C:\Users\Kevin\documents\visual studio 2010\Projects\a4\a4\Debug\link.8124.write.1.tlog
C:\Users\Kevin\documents\visual studio 2010\Projects\a4\a4\Debug\link.8124-cvtres.read.1.tlog
C:\Users\Kevin\documents\visual studio 2010\Projects\a4\a4\Debug\link.8124-cvtres.write.1.tlog
C:\Users\Kevin\documents\visual studio 2010\Projects\a4\a4\Debug\link.9944.read.1.tlog
C:\Users\Kevin\documents\visual studio 2010\Projects\a4\a4\Debug\link.9944.write.1.tlog
C:\Users\Kevin\documents\visual studio 2010\Projects\a4\a4\Debug\link.9944-cvtres.read.1.tlog
C:\Users\Kevin\documents\visual studio 2010\Projects\a4\a4\Debug\link.9944-cvtres.write.1.tlog
C:\Users\Kevin\documents\visual studio 2010\Projects\a4\a4\Debug\link.command.1.tlog
C:\Users\Kevin\documents\visual studio 2010\Projects\a4\a4\Debug\link.read.1.tlog
C:\Users\Kevin\documents\visual studio 2010\Projects\a4\a4\Debug\link.write.1.tlog
C:\Users\Kevin\documents\visual studio 2010\Projects\a4\a4\Debug\mt.command.1.tlog
C:\Users\Kevin\documents\visual studio 2010\Projects\a4\a4\Debug\mt.read.1.tlog
C:\Users\Kevin\documents\visual studio 2010\Projects\a4\a4\Debug\mt.write.1.tlog
C:\Users\Kevin\documents\visual studio 2010\Projects\a4\a4\Debug\rc.command.1.tlog
C:\Users\Kevin\documents\visual studio 2010\Projects\a4\a4\Debug\rc.read.1.tlog
C:\Users\Kevin\documents\visual studio 2010\Projects\a4\a4\Debug\rc.write.1.tlog
C:\USERS\KEVIN\DOCUMENTS\VISUAL STUDIO 2010\PROJECTS\A4\A4\DEBUG\STDAFX.OBJ
C:\USERS\KEVIN\DOCUMENTS\VISUAL STUDIO 2010\PROJECTS\A4\A4\DEBUG\VC100.PDB
C:\USERS\KEVIN\DOCUMENTS\VISUAL STUDIO 2010\PROJECTS\A4\DEBUG\A4.EXE
C:\USERS\KEVIN\DOCUMENTS\VISUAL STUDIO 2010\PROJECTS\A4\DEBUG\A4.ILK
C:\USERS\KEVIN\DOCUMENTS\VISUAL STUDIO 2010\PROJECTS\A4\DEBUG\A4.PDB
