C:\Users\Kevin\Documents\Visual Studio 2010\Projects\Corcoran_K_14301776 - Copy\Corcoran_K_14301776\Debug\cl.command.1.tlog
C:\Users\Kevin\Documents\Visual Studio 2010\Projects\Corcoran_K_14301776 - Copy\Corcoran_K_14301776\Debug\CL.read.1.tlog
C:\Users\Kevin\Documents\Visual Studio 2010\Projects\Corcoran_K_14301776 - Copy\Corcoran_K_14301776\Debug\CL.write.1.tlog
C:\USERS\KEVIN\DOCUMENTS\VISUAL STUDIO 2010\PROJECTS\CORCORAN_K_14301776 - COPY\CORCORAN_K_14301776\DEBUG\CORCORAN_K_14301776.EXE.INTERMEDIATE.MANIFEST
C:\USERS\KEVIN\DOCUMENTS\VISUAL STUDIO 2010\PROJECTS\CORCORAN_K_14301776 - COPY\CORCORAN_K_14301776\DEBUG\CORCORAN_K_14301776.OBJ
C:\USERS\KEVIN\DOCUMENTS\VISUAL STUDIO 2010\PROJECTS\CORCORAN_K_14301776 - COPY\CORCORAN_K_14301776\DEBUG\CORCORAN_K_14301776.PCH
C:\Users\Kevin\Documents\Visual Studio 2010\Projects\Corcoran_K_14301776 - Copy\Corcoran_K_14301776\Debug\Corcoran_K_14301776.vcxprojResolveAssemblyReference.cache
C:\Users\Kevin\Documents\Visual Studio 2010\Projects\Corcoran_K_14301776 - Copy\Corcoran_K_14301776\Debug\Corcoran_K_14301776.write.1.tlog
C:\Users\Kevin\Documents\Visual Studio 2010\Projects\Corcoran_K_14301776 - Copy\Corcoran_K_14301776\Debug\link.command.1.tlog
C:\Users\Kevin\Documents\Visual Studio 2010\Projects\Corcoran_K_14301776 - Copy\Corcoran_K_14301776\Debug\link.read.1.tlog
C:\Users\Kevin\Documents\Visual Studio 2010\Projects\Corcoran_K_14301776 - Copy\Corcoran_K_14301776\Debug\link.write.1.tlog
C:\Users\Kevin\Documents\Visual Studio 2010\Projects\Corcoran_K_14301776 - Copy\Corcoran_K_14301776\Debug\mt.command.1.tlog
C:\Users\Kevin\Documents\Visual Studio 2010\Projects\Corcoran_K_14301776 - Copy\Corcoran_K_14301776\Debug\mt.read.1.tlog
C:\Users\Kevin\Documents\Visual Studio 2010\Projects\Corcoran_K_14301776 - Copy\Corcoran_K_14301776\Debug\mt.write.1.tlog
C:\USERS\KEVIN\DOCUMENTS\VISUAL STUDIO 2010\PROJECTS\CORCORAN_K_14301776 - COPY\CORCORAN_K_14301776\DEBUG\STDAFX.OBJ
C:\Users\Kevin\Documents\Visual Studio 2010\Projects\Corcoran_K_14301776 - Copy\Corcoran_K_14301776\Debug\vc100.idb
C:\USERS\KEVIN\DOCUMENTS\VISUAL STUDIO 2010\PROJECTS\CORCORAN_K_14301776 - COPY\CORCORAN_K_14301776\DEBUG\VC100.PDB
C:\USERS\KEVIN\DOCUMENTS\VISUAL STUDIO 2010\PROJECTS\CORCORAN_K_14301776 - COPY\DEBUG\CORCORAN_K_14301776.EXE
C:\USERS\KEVIN\DOCUMENTS\VISUAL STUDIO 2010\PROJECTS\CORCORAN_K_14301776 - COPY\DEBUG\CORCORAN_K_14301776.PDB
C:\USERS\KEVIN\DOCUMENTS\VISUAL STUDIO 2010\PROJECTS\CORCORAN_K_14301776\CORCORAN_K_14301776\DEBUG\CORCORAN_K_14301776.EXE.INTERMEDIATE.MANIFEST
C:\USERS\KEVIN\DOCUMENTS\VISUAL STUDIO 2010\PROJECTS\CORCORAN_K_14301776\CORCORAN_K_14301776\DEBUG\CORCORAN_K_14301776.OBJ
C:\USERS\KEVIN\DOCUMENTS\VISUAL STUDIO 2010\PROJECTS\CORCORAN_K_14301776\CORCORAN_K_14301776\DEBUG\CORCORAN_K_14301776.PCH
C:\USERS\KEVIN\DOCUMENTS\VISUAL STUDIO 2010\PROJECTS\CORCORAN_K_14301776\CORCORAN_K_14301776\DEBUG\STDAFX.OBJ
C:\USERS\KEVIN\DOCUMENTS\VISUAL STUDIO 2010\PROJECTS\CORCORAN_K_14301776\CORCORAN_K_14301776\DEBUG\VC100.PDB
C:\USERS\KEVIN\DOCUMENTS\VISUAL STUDIO 2010\PROJECTS\CORCORAN_K_14301776\DEBUG\CORCORAN_K_14301776.EXE
C:\USERS\KEVIN\DOCUMENTS\VISUAL STUDIO 2010\PROJECTS\CORCORAN_K_14301776\DEBUG\CORCORAN_K_14301776.PDB
